HabitLabMobileRecompilado/platforms/android/app/build/outputs/logs/manifest-merger-debug-report.txt
-- Merging decision tree log ---
manifest
ADDED from src/main/AndroidManifest.xml:2:1-83:12
INJECTED from src/main/AndroidManifest.xml:2:1-83:12
INJECTED from src/main/AndroidManifest.xml:2:1-83:12
INJECTED from src/main/AndroidManifest.xml:2:1-83:12
MERGED from [com.google.android.gms:play-services-identity:15.0.1] AndroidManifest.xml:17:1-24:12
MERGED from [com.google.android.gms:play-services-auth:15.0.1] AndroidManifest.xml:17:1-39:12
MERGED from [com.github.andyxialm:ColorDialog:fc1804b35a] AndroidManifest.xml:2:1-17:12
MERGED from [com.balysv:material-ripple:1.0.2] AndroidManifest.xml:2:1-14:12
MERGED from [it.sephiroth.android.library.targettooltip:target-tooltip-library:1.3.15] AndroidManifest.xml:2:1-15:12
MERGED from [com.android.support:design:27.0.1] AndroidManifest.xml:17:1-22:12
MERGED from [com.android.support:appcompat-v7:27.0.1] AndroidManifest.xml:17:1-22:12
MERGED from [com.android.support:recyclerview-v7:27.0.1] AndroidManifest.xml:17:1-22:12
MERGED from [com.android.support:multidex:1.0.2] AndroidManifest.xml:17:1-22:12
MERGED from [com.google.android.gms:play-services-auth-api-phone:15.0.1] AndroidManifest.xml:2:1-7:12
MERGED from [com.google.android.gms:play-services-auth-base:15.0.1] AndroidManifest.xml:2:1-7:12
MERGED from [com.google.android.gms:play-services-base:15.0.1] AndroidManifest.xml:17:1-29:12
MERGED from [com.google.android.gms:play-services-tasks:15.0.1] AndroidManifest.xml:2:1-9:12
MERGED from [com.google.android.gms:play-services-basement:15.0.1] AndroidManifest.xml:17:1-28:12
MERGED from [com.android.support:support-v4:27.0.1] AndroidManifest.xml:17:1-22:12
MERGED from [:nativescript-optimized-with-inspector:] AndroidManifest.xml:2:1-11:12
MERGED from [:Primitives-2017.1.719-dev-release:] AndroidManifest.xml:2:1-14:12
MERGED from [:Common-2017.1.719-dev-release:] AndroidManifest.xml:2:1-14:12
MERGED from [:List-2017.1.719-dev-release:] AndroidManifest.xml:2:1-14:12
MERGED from [:Data-2017.1.719-dev-release:] AndroidManifest.xml:2:1-14:12
MERGED from [:nativescript_version_number:] AndroidManifest.xml:2:1-9:12
MERGED from [:widgets-release:] AndroidManifest.xml:2:1-14:12
MERGED from [com.android.support:transition:27.0.1] AndroidManifest.xml:17:1-22:12
MERGED from [com.android.support:support-fragment:27.0.1] AndroidManifest.xml:17:1-22:12
MERGED from [com.android.support:support-core-utils:27.0.1] AndroidManifest.xml:17:1-22:12
MERGED from [com.android.support:animated-vector-drawable:27.0.1] AndroidManifest.xml:17:1-22:12
MERGED from [com.android.support:support-vector-drawable:27.0.1] AndroidManifest.xml:17:1-22:12
MERGED from [com.android.support:support-core-ui:27.0.1] AndroidManifest.xml:17:1-22:12
MERGED from [com.android.support:support-media-compat:27.0.1] AndroidManifest.xml:17:1-22:12
MERGED from [com.android.support:support-compat:27.0.1] AndroidManifest.xml:17:1-22:12
MERGED from [android.arch.lifecycle:runtime:1.0.0] AndroidManifest.xml:17:1-30:12
INJECTED from src/main/AndroidManifest.xml:2:1-83:12
INJECTED from src/main/AndroidManifest.xml:2:1-83:12
INJECTED from src/main/AndroidManifest.xml:2:1-83:12
	package
		ADDED from src/main/AndroidManifest.xml:3:2-36
		INJECTED from src/main/AndroidManifest.xml
		INJECTED from src/main/AndroidManifest.xml
	android:versionName
		ADDED from src/main/AndroidManifest.xml:5:2-30
		INJECTED from src/main/AndroidManifest.xml
		INJECTED from src/main/AndroidManifest.xml
	xmlns:android
		ADDED from src/main/AndroidManifest.xml:2:11-69
	android:versionCode
		ADDED from src/main/AndroidManifest.xml:4:2-26
		INJECTED from src/main/AndroidManifest.xml
		INJECTED from src/main/AndroidManifest.xml
supports-screens
ADDED from src/main/AndroidManifest.xml:8:2-12:33
	android:largeScreens
		ADDED from src/main/AndroidManifest.xml:11:3-30
	android:smallScreens
		ADDED from src/main/AndroidManifest.xml:9:3-30
	android:normalScreens
		ADDED from src/main/AndroidManifest.xml:10:3-31
	android:xlargeScreens
		ADDED from src/main/AndroidManifest.xml:12:3-31
uses-sdk
ADDED from src/main/AndroidManifest.xml:14:2-16:34
INJECTED from src/main/AndroidManifest.xml:14:2-16:34
INJECTED from src/main/AndroidManifest.xml:14:2-16:34
MERGED from [com.google.android.gms:play-services-identity:15.0.1] AndroidManifest.xml:20:5-44
MERGED from [com.google.android.gms:play-services-identity:15.0.1] AndroidManifest.xml:20:5-44
MERGED from [com.google.android.gms:play-services-auth:15.0.1] AndroidManifest.xml:20:5-44
MERGED from [com.google.android.gms:play-services-auth:15.0.1] AndroidManifest.xml:20:5-44
MERGED from [com.github.andyxialm:ColorDialog:fc1804b35a] AndroidManifest.xml:7:5-9:41
MERGED from [com.github.andyxialm:ColorDialog:fc1804b35a] AndroidManifest.xml:7:5-9:41
MERGED from [com.balysv:material-ripple:1.0.2] AndroidManifest.xml:8:5-10:41
MERGED from [com.balysv:material-ripple:1.0.2] AndroidManifest.xml:8:5-10:41
MERGED from [it.sephiroth.android.library.targettooltip:target-tooltip-library:1.3.15] AndroidManifest.xml:8:5-10:41
MERGED from [it.sephiroth.android.library.targettooltip:target-tooltip-library:1.3.15] AndroidManifest.xml:8:5-10:41
MERGED from [com.android.support:design:27.0.1] AndroidManifest.xml:20:5-44
MERGED from [com.android.support:design:27.0.1] AndroidManifest.xml:20:5-44
MERGED from [com.android.support:appcompat-v7:27.0.1] AndroidManifest.xml:20:5-44
MERGED from [com.android.support:appcompat-v7:27.0.1] AndroidManifest.xml:20:5-44
MERGED from [com.android.support:recyclerview-v7:27.0.1] AndroidManifest.xml:20:5-44
MERGED from [com.android.support:recyclerview-v7:27.0.1] AndroidManifest.xml:20:5-44
MERGED from [com.android.support:multidex:1.0.2] AndroidManifest.xml:20:5-43
MERGED from [com.android.support:multidex:1.0.2] AndroidManifest.xml:20:5-43
MERGED from [com.google.android.gms:play-services-auth-api-phone:15.0.1] AndroidManifest.xml:5:5-44
MERGED from [com.google.android.gms:play-services-auth-api-phone:15.0.1] AndroidManifest.xml:5:5-44
MERGED from [com.google.android.gms:play-services-auth-base:15.0.1] AndroidManifest.xml:5:5-44
MERGED from [com.google.android.gms:play-services-auth-base:15.0.1] AndroidManifest.xml:5:5-44
MERGED from [com.google.android.gms:play-services-base:15.0.1] AndroidManifest.xml:20:5-44
MERGED from [com.google.android.gms:play-services-base:15.0.1] AndroidManifest.xml:20:5-44
MERGED from [com.google.android.gms:play-services-tasks:15.0.1] AndroidManifest.xml:5:5-44
MERGED from [com.google.android.gms:play-services-tasks:15.0.1] AndroidManifest.xml:5:5-44
MERGED from [com.google.android.gms:play-services-basement:15.0.1] AndroidManifest.xml:20:5-44
MERGED from [com.google.android.gms:play-services-basement:15.0.1] AndroidManifest.xml:20:5-44
MERGED from [com.android.support:support-v4:27.0.1] AndroidManifest.xml:20:5-44
MERGED from [com.android.support:support-v4:27.0.1] AndroidManifest.xml:20:5-44
MERGED from [:nativescript-optimized-with-inspector:] AndroidManifest.xml:7:5-9:41
MERGED from [:nativescript-optimized-with-inspector:] AndroidManifest.xml:7:5-9:41
MERGED from [:Primitives-2017.1.719-dev-release:] AndroidManifest.xml:7:5-9:41
MERGED from [:Primitives-2017.1.719-dev-release:] AndroidManifest.xml:7:5-9:41
MERGED from [:Common-2017.1.719-dev-release:] AndroidManifest.xml:7:5-9:41
MERGED from [:Common-2017.1.719-dev-release:] AndroidManifest.xml:7:5-9:41
MERGED from [:List-2017.1.719-dev-release:] AndroidManifest.xml:7:5-9:41
MERGED from [:List-2017.1.719-dev-release:] AndroidManifest.xml:7:5-9:41
MERGED from [:Data-2017.1.719-dev-release:] AndroidManifest.xml:7:5-9:41
MERGED from [:Data-2017.1.719-dev-release:] AndroidManifest.xml:7:5-9:41
MERGED from [:nativescript_version_number:] AndroidManifest.xml:7:5-47
MERGED from [:nativescript_version_number:] AndroidManifest.xml:7:5-47
MERGED from [:widgets-release:] AndroidManifest.xml:7:5-9:41
MERGED from [:widgets-release:] AndroidManifest.xml:7:5-9:41
MERGED from [com.android.support:transition:27.0.1] AndroidManifest.xml:20:5-44
MERGED from [com.android.support:transition:27.0.1] AndroidManifest.xml:20:5-44
MERGED from [com.android.support:support-fragment:27.0.1] AndroidManifest.xml:20:5-44
MERGED from [com.android.support:support-fragment:27.0.1] AndroidManifest.xml:20:5-44
MERGED from [com.android.support:support-core-utils:27.0.1] AndroidManifest.xml:20:5-44
MERGED from [com.android.support:support-core-utils:27.0.1] AndroidManifest.xml:20:5-44
MERGED from [com.android.support:animated-vector-drawable:27.0.1] AndroidManifest.xml:20:5-44
MERGED from [com.android.support:animated-vector-drawable:27.0.1] AndroidManifest.xml:20:5-44
MERGED from [com.android.support:support-vector-drawable:27.0.1] AndroidManifest.xml:20:5-44
MERGED from [com.android.support:support-vector-drawable:27.0.1] AndroidManifest.xml:20:5-44
MERGED from [com.android.support:support-core-ui:27.0.1] AndroidManifest.xml:20:5-44
MERGED from [com.android.support:support-core-ui:27.0.1] AndroidManifest.xml:20:5-44
MERGED from [com.android.support:support-media-compat:27.0.1] AndroidManifest.xml:20:5-44
MERGED from [com.android.support:support-media-compat:27.0.1] AndroidManifest.xml:20:5-44
MERGED from [com.android.support:support-compat:27.0.1] AndroidManifest.xml:20:5-44
MERGED from [com.android.support:support-compat:27.0.1] AndroidManifest.xml:20:5-44
MERGED from [android.arch.lifecycle:runtime:1.0.0] AndroidManifest.xml:20:5-22:41
MERGED from [android.arch.lifecycle:runtime:1.0.0] AndroidManifest.xml:20:5-22:41
INJECTED from src/main/AndroidManifest.xml:14:2-16:34
INJECTED from src/main/AndroidManifest.xml:14:2-16:34
	android:targetSdkVersion
		ADDED from src/main/AndroidManifest.xml:16:3-32
		INJECTED from src/main/AndroidManifest.xml
		INJECTED from src/main/AndroidManifest.xml
	android:minSdkVersion
		ADDED from src/main/AndroidManifest.xml:15:3-29
		INJECTED from src/main/AndroidManifest.xml
		MERGED from src/main/AndroidManifest.xml:15:3-29
		INJECTED from src/main/AndroidManifest.xml
uses-permission#android.permission.READ_EXTERNAL_STORAGE
ADDED from src/main/AndroidManifest.xml:18:2-76
	android:name
		ADDED from src/main/AndroidManifest.xml:18:19-74
uses-permission#android.permission.WRITE_EXTERNAL_STORAGE
ADDED from src/main/AndroidManifest.xml:19:2-77
	android:name
		ADDED from src/main/AndroidManifest.xml:19:19-75
uses-permission#android.permission.INTERNET
ADDED from src/main/AndroidManifest.xml:20:2-63
	android:name
		ADDED from src/main/AndroidManifest.xml:20:19-61
uses-permission#android.permission.GET_TASKS
ADDED from src/main/AndroidManifest.xml:21:2-65
	android:name
		ADDED from src/main/AndroidManifest.xml:21:19-62
uses-permission#android.permission.PACKAGE_USAGE_STATS
ADDED from src/main/AndroidManifest.xml:22:4-160
	xmlns:tools
		ADDED from src/main/AndroidManifest.xml:22:75-121
	tools:ignore
		ADDED from src/main/AndroidManifest.xml:22:122-157
	android:name
		ADDED from src/main/AndroidManifest.xml:22:21-74
uses-permission#android.permission.RECEIVE_BOOT_COMPLETED
ADDED from src/main/AndroidManifest.xml:23:2-77
	android:name
		ADDED from src/main/AndroidManifest.xml:23:19-75
uses-permission#android.permission.SYSTEM_ALERT_WINDOW
ADDED from src/main/AndroidManifest.xml:24:2-74
	android:name
		ADDED from src/main/AndroidManifest.xml:24:19-72
uses-permission#android.permission.WRITE_SETTINGS
ADDED from src/main/AndroidManifest.xml:25:2-70
	android:name
		ADDED from src/main/AndroidManifest.xml:25:19-67
uses-permission#android.permission.GET_ACCOUNTS
ADDED from src/main/AndroidManifest.xml:26:2-68
	android:name
		ADDED from src/main/AndroidManifest.xml:26:19-65
application
ADDED from src/main/AndroidManifest.xml:28:2-82:16
MERGED from [com.google.android.gms:play-services-identity:15.0.1] AndroidManifest.xml:22:5-20
MERGED from [com.google.android.gms:play-services-identity:15.0.1] AndroidManifest.xml:22:5-20
MERGED from [com.google.android.gms:play-services-auth:15.0.1] AndroidManifest.xml:22:5-37:19
MERGED from [com.google.android.gms:play-services-auth:15.0.1] AndroidManifest.xml:22:5-37:19
MERGED from [com.github.andyxialm:ColorDialog:fc1804b35a] AndroidManifest.xml:11:5-15:19
MERGED from [com.github.andyxialm:ColorDialog:fc1804b35a] AndroidManifest.xml:11:5-15:19
MERGED from [com.balysv:material-ripple:1.0.2] AndroidManifest.xml:12:5-20
MERGED from [com.balysv:material-ripple:1.0.2] AndroidManifest.xml:12:5-20
MERGED from [it.sephiroth.android.library.targettooltip:target-tooltip-library:1.3.15] AndroidManifest.xml:12:5-13:19
MERGED from [it.sephiroth.android.library.targettooltip:target-tooltip-library:1.3.15] AndroidManifest.xml:12:5-13:19
MERGED from [com.google.android.gms:play-services-base:15.0.1] AndroidManifest.xml:22:5-27:19
MERGED from [com.google.android.gms:play-services-base:15.0.1] AndroidManifest.xml:22:5-27:19
MERGED from [com.google.android.gms:play-services-tasks:15.0.1] AndroidManifest.xml:7:5-20
MERGED from [com.google.android.gms:play-services-tasks:15.0.1] AndroidManifest.xml:7:5-20
MERGED from [com.google.android.gms:play-services-basement:15.0.1] AndroidManifest.xml:22:5-26:19
MERGED from [com.google.android.gms:play-services-basement:15.0.1] AndroidManifest.xml:22:5-26:19
MERGED from [:Primitives-2017.1.719-dev-release:] AndroidManifest.xml:11:5-12:19
MERGED from [:Primitives-2017.1.719-dev-release:] AndroidManifest.xml:11:5-12:19
MERGED from [:Common-2017.1.719-dev-release:] AndroidManifest.xml:11:5-12:19
MERGED from [:Common-2017.1.719-dev-release:] AndroidManifest.xml:11:5-12:19
MERGED from [:List-2017.1.719-dev-release:] AndroidManifest.xml:11:5-12:19
MERGED from [:List-2017.1.719-dev-release:] AndroidManifest.xml:11:5-12:19
MERGED from [:Data-2017.1.719-dev-release:] AndroidManifest.xml:11:5-12:19
MERGED from [:Data-2017.1.719-dev-release:] AndroidManifest.xml:11:5-12:19
MERGED from [:widgets-release:] AndroidManifest.xml:11:5-12:19
MERGED from [:widgets-release:] AndroidManifest.xml:11:5-12:19
MERGED from [android.arch.lifecycle:runtime:1.0.0] AndroidManifest.xml:24:5-28:19
MERGED from [android.arch.lifecycle:runtime:1.0.0] AndroidManifest.xml:24:5-28:19
	android:supportsRtl
		ADDED from [com.github.andyxialm:ColorDialog:fc1804b35a] AndroidManifest.xml:14:9-35
	android:label
		ADDED from src/main/AndroidManifest.xml:32:3-35
	android:icon
		ADDED from src/main/AndroidManifest.xml:31:3-52
	android:allowBackup
		ADDED from src/main/AndroidManifest.xml:30:3-29
	android:theme
		ADDED from src/main/AndroidManifest.xml:33:3-34
	android:name
		ADDED from src/main/AndroidManifest.xml:29:3-49
activity#com.tns.NativeScriptActivity
ADDED from src/main/AndroidManifest.xml:35:3-48:14
	android:screenOrientation
		ADDED from src/main/AndroidManifest.xml:40:4-40
	android:label
		ADDED from src/main/AndroidManifest.xml:37:4-49
	android:configChanges
		ADDED from src/main/AndroidManifest.xml:38:4-65
	android:theme
		ADDED from src/main/AndroidManifest.xml:39:4-44
	android:name
		ADDED from src/main/AndroidManifest.xml:36:4-47
meta-data#SET_THEME_ON_LAUNCH
ADDED from src/main/AndroidManifest.xml:42:4-87
	android:resource
		ADDED from src/main/AndroidManifest.xml:42:50-84
	android:name
		ADDED from src/main/AndroidManifest.xml:42:15-49
intent-filter#action:name:android.intent.action.MAIN+category:name:android.intent.category.LAUNCHER
ADDED from src/main/AndroidManifest.xml:44:4-47:20
action#android.intent.action.MAIN
ADDED from src/main/AndroidManifest.xml:45:5-57
	android:name
		ADDED from src/main/AndroidManifest.xml:45:13-54
category#android.intent.category.LAUNCHER
ADDED from src/main/AndroidManifest.xml:46:5-65
	android:name
		ADDED from src/main/AndroidManifest.xml:46:15-62
activity#com.tns.ErrorReportActivity
ADDED from src/main/AndroidManifest.xml:49:3-57
	android:name
		ADDED from src/main/AndroidManifest.xml:49:13-55
service#com.habitlab.AccessibilityService
ADDED from src/main/AndroidManifest.xml:50:3-60:14
	android:enabled
		ADDED from src/main/AndroidManifest.xml:52:4-28
	android:permission
		ADDED from src/main/AndroidManifest.xml:53:13-79
	android:name
		ADDED from src/main/AndroidManifest.xml:51:4-52
intent-filter#action:name:android.accessibilityservice.AccessibilityService
ADDED from src/main/AndroidManifest.xml:54:8-56:24
action#android.accessibilityservice.AccessibilityService
ADDED from src/main/AndroidManifest.xml:55:12-87
	android:name
		ADDED from src/main/AndroidManifest.xml:55:20-84
meta-data#android.accessibilityservice
ADDED from src/main/AndroidManifest.xml:57:8-59:56
	android:resource
		ADDED from src/main/AndroidManifest.xml:59:17-54
	android:name
		ADDED from src/main/AndroidManifest.xml:58:17-60
receiver#com.habitlab.RestartReceiver
ADDED from src/main/AndroidManifest.xml:61:3-71:14
	android:enabled
		ADDED from src/main/AndroidManifest.xml:63:4-26
	android:exported
		ADDED from src/main/AndroidManifest.xml:64:7-31
	android:permission
		ADDED from src/main/AndroidManifest.xml:65:4-66
	android:name
		ADDED from src/main/AndroidManifest.xml:62:4-47
intent-filter#action:name:android.intent.action.ACTION_SHUTDOWN+action:name:android.intent.action.BOOT_COMPLETED+category:name:android.intent.category.DEFAULT
ADDED from src/main/AndroidManifest.xml:66:4-70:23
action#android.intent.action.ACTION_SHUTDOWN
ADDED from src/main/AndroidManifest.xml:67:5-68
	android:name
		ADDED from src/main/AndroidManifest.xml:67:13-65
action#android.intent.action.BOOT_COMPLETED
ADDED from src/main/AndroidManifest.xml:68:11-73
	android:name
		ADDED from src/main/AndroidManifest.xml:68:19-70
category#android.intent.category.DEFAULT
ADDED from src/main/AndroidManifest.xml:69:11-70
	android:name
		ADDED from src/main/AndroidManifest.xml:69:21-67
receiver#com.habitlab.NewPackageReceiver
ADDED from src/main/AndroidManifest.xml:72:3-81:14
	android:enabled
		ADDED from src/main/AndroidManifest.xml:74:4-26
	android:exported
		ADDED from src/main/AndroidManifest.xml:75:7-31
	android:name
		ADDED from src/main/AndroidManifest.xml:73:4-50
intent-filter#action:name:android.intent.action.PACKAGE_ADDED+action:name:android.intent.action.PACKAGE_REMOVED+data:scheme:package
ADDED from src/main/AndroidManifest.xml:76:4-80:23
action#android.intent.action.PACKAGE_REMOVED
ADDED from src/main/AndroidManifest.xml:77:5-68
	android:name
		ADDED from src/main/AndroidManifest.xml:77:13-65
action#android.intent.action.PACKAGE_ADDED
ADDED from src/main/AndroidManifest.xml:78:11-72
	android:name
		ADDED from src/main/AndroidManifest.xml:78:19-69
data
ADDED from src/main/AndroidManifest.xml:79:11-44
	android:scheme
		ADDED from src/main/AndroidManifest.xml:79:17-41
activity#com.google.android.gms.auth.api.signin.internal.SignInHubActivity
ADDED from [com.google.android.gms:play-services-auth:15.0.1] AndroidManifest.xml:23:9-27:75
	android:excludeFromRecents
		ADDED from [com.google.android.gms:play-services-auth:15.0.1] AndroidManifest.xml:25:13-46
	android:exported
		ADDED from [com.google.android.gms:play-services-auth:15.0.1] AndroidManifest.xml:26:13-37
	android:theme
		ADDED from [com.google.android.gms:play-services-auth:15.0.1] AndroidManifest.xml:27:13-72
	android:name
		ADDED from [com.google.android.gms:play-services-auth:15.0.1] AndroidManifest.xml:24:13-93
service#com.google.android.gms.auth.api.signin.RevocationBoundService
ADDED from [com.google.android.gms:play-services-auth:15.0.1] AndroidManifest.xml:33:9-36:110
	android:exported
		ADDED from [com.google.android.gms:play-services-auth:15.0.1] AndroidManifest.xml:35:13-36
	android:permission
		ADDED from [com.google.android.gms:play-services-auth:15.0.1] AndroidManifest.xml:36:13-107
	android:name
		ADDED from [com.google.android.gms:play-services-auth:15.0.1] AndroidManifest.xml:34:13-89
activity#com.google.android.gms.common.api.GoogleApiActivity
ADDED from [com.google.android.gms:play-services-base:15.0.1] AndroidManifest.xml:23:9-26:75
	android:exported
		ADDED from [com.google.android.gms:play-services-base:15.0.1] AndroidManifest.xml:25:13-37
	android:theme
		ADDED from [com.google.android.gms:play-services-base:15.0.1] AndroidManifest.xml:26:13-72
	android:name
		ADDED from [com.google.android.gms:play-services-base:15.0.1] AndroidManifest.xml:24:13-79
meta-data#com.google.android.gms.version
ADDED from [com.google.android.gms:play-services-basement:15.0.1] AndroidManifest.xml:23:9-25:69
	android:value
		ADDED from [com.google.android.gms:play-services-basement:15.0.1] AndroidManifest.xml:25:13-66
	android:name
		ADDED from [com.google.android.gms:play-services-basement:15.0.1] AndroidManifest.xml:24:13-58
meta-data#android.arch.lifecycle.VERSION
ADDED from [android.arch.lifecycle:runtime:1.0.0] AndroidManifest.xml:25:9-27:47
	android:value
		ADDED from [android.arch.lifecycle:runtime:1.0.0] AndroidManifest.xml:27:13-44
	android:name
		ADDED from [android.arch.lifecycle:runtime:1.0.0] AndroidManifest.xml:26:13-58